18:20:10.534 [main] DEBUG com.intuit.karate.Suite - [config] classpath:karate-config.js
18:20:10.595 [main] DEBUG com.intuit.karate.Suite - waiting for 2 features to complete
18:20:15.451 [pool-1-thread-2] INFO  com.intuit.karate - karate.env system property was: null 
18:20:15.451 [pool-1-thread-1] INFO  com.intuit.karate - karate.env system property was: null 
18:20:15.722 [pool-1-thread-1] INFO  com.intuit.karate - [print] jennie 13443567234 
18:20:17.471 [pool-2-thread-1] INFO  com.intuit.karate.Suite - <<pass>> feature 1 of 2 (1 remaining) classpath:examples/users/user1.feature
18:20:17.885 [pool-1-thread-2] DEBUG com.intuit.karate - request:
1 > GET https://reqres.in/api/users/2
1 > Host: reqres.in
1 > Connection: Keep-Alive
1 > User-Agent: Apache-HttpClient/4.5.13 (Java/1.8.0_261)
1 > Accept-Encoding: gzip,deflate


18:20:18.858 [pool-1-thread-2] DEBUG com.intuit.karate - response time in milliseconds: 964
1 < 200
1 < Date: Tue, 01 Jun 2021 12:50:18 GMT
1 < Content-Type: application/json; charset=utf-8
1 < Transfer-Encoding: chunked
1 < Connection: keep-alive
1 < x-powered-by: Express
1 < access-control-allow-origin: *
1 < etag: W/"118-pbdwwFo9SKNhD3Lx5iHJyngpq00"
1 < via: 1.1 vegur
1 < Cache-Control: max-age=14400
1 < CF-Cache-Status: HIT
1 < Age: 4016
1 < cf-request-id: 0a693909f600000e582e1a1000000001
1 < Expect-CT: max-age=604800, report-uri="https://report-uri.cloudflare.com/cdn-cgi/beacon/expect-ct"
1 < Report-To: {"endpoints":[{"url":"https:\/\/a.nel.cloudflare.com\/report\/v2?s=j8XEFw5Lujty%2BFL93Enq2xbkckidyOOpsE6efPCyEfqLnDqYNdGmM%2BYcuaNljO7XgElYeaUJHfEfb8rDzDnfRA3qZImhS6%2Fo4YZ%2BAZt2hltY63vswmCQ"}],"group":"cf-nel","max_age":604800}
1 < NEL: {"report_to":"cf-nel","max_age":604800}
1 < Vary: Accept-Encoding
1 < Server: cloudflare
1 < CF-RAY: 658891232dd70e58-BOM
1 < alt-svc: h3-27=":443"; ma=86400, h3-28=":443"; ma=86400, h3-29=":443"; ma=86400, h3=":443"; ma=86400
{"data":{"last_name":"Weaver","id":2,"avatar":"https:\/\/reqres.in\/img\/faces\/2-image.jpg","first_name":"Janet","email":"janet.weaver@reqres.in"},"support":{"text":"To keep ReqRes free, contributions towards server costs are appreciated!","url":"https:\/\/reqres.in\/#support-heading"}}
18:20:18.922 [pool-1-thread-2] INFO  com.intuit.karate - [print] The random value is 533596320 
18:20:19.187 [pool-2-thread-1] INFO  com.intuit.karate.Suite - <<pass>> feature 2 of 2 (0 remaining) classpath:examples/users/users.feature
21:02:17.755 [main] DEBUG com.intuit.karate.Suite - [config] classpath:karate-config.js
21:02:17.791 [main] INFO  com.intuit.karate.Suite - backed up existing 'target\karate-reports' dir to: target\karate-reports_1622820737788
21:02:17.815 [main] DEBUG com.intuit.karate.Suite - waiting for 2 features to complete
21:02:21.301 [pool-1-thread-1] INFO  com.intuit.karate - karate.env system property was: null 
21:02:21.301 [pool-1-thread-2] INFO  com.intuit.karate - karate.env system property was: null 
21:02:21.524 [pool-1-thread-1] INFO  com.intuit.karate - [print] jennie 13443567234 
21:02:23.070 [pool-2-thread-1] INFO  com.intuit.karate.Suite - <<pass>> feature 1 of 2 (1 remaining) classpath:examples/users/user1.feature
21:02:23.628 [pool-1-thread-2] DEBUG com.intuit.karate - request:
1 > GET https://reqres.in/api/users/2
1 > Host: reqres.in
1 > Connection: Keep-Alive
1 > User-Agent: Apache-HttpClient/4.5.13 (Java/1.8.0_261)
1 > Accept-Encoding: gzip,deflate


21:02:24.755 [pool-1-thread-2] DEBUG com.intuit.karate - response time in milliseconds: 1118
1 < 200
1 < Date: Fri, 04 Jun 2021 15:32:24 GMT
1 < Content-Type: application/json; charset=utf-8
1 < Transfer-Encoding: chunked
1 < Connection: keep-alive
1 < X-Powered-By: Express
1 < Access-Control-Allow-Origin: *
1 < Etag: W/"118-pbdwwFo9SKNhD3Lx5iHJyngpq00"
1 < Via: 1.1 vegur
1 < Cache-Control: max-age=14400
1 < CF-Cache-Status: HIT
1 < Age: 3395
1 < cf-request-id: 0a794085f2000031b21a9de000000001
1 < Expect-CT: max-age=604800, report-uri="https://report-uri.cloudflare.com/cdn-cgi/beacon/expect-ct"
1 < Report-To: {"endpoints":[{"url":"https:\/\/a.nel.cloudflare.com\/report\/v2?s=8VBHHfDUoImDHYeMxp4q0EPC6OOyR2wO9iwVE1Wiqo%2FW%2FVyBYsPPYDRH%2F8Skxj5QRb%2FCXdcR%2Be340%2FYeKuvq1hKQznddK7q4NE%2FFqg13A3wP70GkM3e8"}],"group":"cf-nel","max_age":604800}
1 < NEL: {"report_to":"cf-nel","max_age":604800}
1 < Vary: Accept-Encoding
1 < Server: cloudflare
1 < CF-RAY: 65a236b64b9e31b2-BOM
1 < alt-svc: h3-27=":443"; ma=86400, h3-28=":443"; ma=86400, h3-29=":443"; ma=86400, h3=":443"; ma=86400
{"data":{"last_name":"Weaver","id":2,"avatar":"https:\/\/reqres.in\/img\/faces\/2-image.jpg","first_name":"Janet","email":"janet.weaver@reqres.in"},"support":{"text":"To keep ReqRes free, contributions towards server costs are appreciated!","url":"https:\/\/reqres.in\/#support-heading"}}
21:02:24.840 [pool-1-thread-2] INFO  com.intuit.karate - [print] The random value is 224400474 
21:02:25.338 [pool-2-thread-1] INFO  com.intuit.karate.Suite - <<pass>> feature 2 of 2 (0 remaining) classpath:examples/users/users.feature
21:04:28.460 [main] DEBUG com.intuit.karate.Suite - [config] classpath:karate-config.js
21:04:28.472 [main] INFO  com.intuit.karate.Suite - backed up existing 'target\karate-reports' dir to: target\karate-reports_1622820868469
21:04:28.502 [main] DEBUG com.intuit.karate.Suite - waiting for 2 features to complete
21:04:31.476 [pool-1-thread-1] INFO  com.intuit.karate - karate.env system property was: null 
21:04:31.476 [pool-1-thread-2] INFO  com.intuit.karate - karate.env system property was: null 
21:04:31.788 [pool-1-thread-1] INFO  com.intuit.karate - [print] jennie 13443567234 
21:04:33.117 [pool-2-thread-1] INFO  com.intuit.karate.Suite - <<pass>> feature 1 of 2 (1 remaining) classpath:examples/users/user1.feature
21:04:33.531 [pool-1-thread-2] DEBUG com.intuit.karate - request:
1 > GET https://reqres.in/api/users/2
1 > Host: reqres.in
1 > Connection: Keep-Alive
1 > User-Agent: Apache-HttpClient/4.5.13 (Java/1.8.0_261)
1 > Accept-Encoding: gzip,deflate


21:04:34.616 [pool-1-thread-2] DEBUG com.intuit.karate - response time in milliseconds: 1072
1 < 200
1 < Date: Fri, 04 Jun 2021 15:34:34 GMT
1 < Content-Type: application/json; charset=utf-8
1 < Transfer-Encoding: chunked
1 < Connection: keep-alive
1 < X-Powered-By: Express
1 < Access-Control-Allow-Origin: *
1 < Etag: W/"118-pbdwwFo9SKNhD3Lx5iHJyngpq00"
1 < Via: 1.1 vegur
1 < Cache-Control: max-age=14400
1 < CF-Cache-Status: HIT
1 < Age: 5061
1 < cf-request-id: 0a794280f30000019747935000000001
1 < Expect-CT: max-age=604800, report-uri="https://report-uri.cloudflare.com/cdn-cgi/beacon/expect-ct"
1 < Report-To: {"endpoints":[{"url":"https:\/\/a.nel.cloudflare.com\/report\/v2?s=2H4vvmZA4LVVj%2FCzdAntomMgMfzpF5HJiWjso0Km60Uiuk9sgnjHdm2WFVdmH8GRiaX2SvkwQErr5kasX47FjvKVgipHYrt4dUZlgMdpjgpkx4SIYFT4"}],"group":"cf-nel","max_age":604800}
1 < NEL: {"report_to":"cf-nel","max_age":604800}
1 < Vary: Accept-Encoding
1 < Server: cloudflare
1 < CF-RAY: 65a239e18a810197-SIN
1 < alt-svc: h3-27=":443"; ma=86400, h3-28=":443"; ma=86400, h3-29=":443"; ma=86400, h3=":443"; ma=86400
{"data":{"last_name":"Weaver","id":2,"avatar":"https:\/\/reqres.in\/img\/faces\/2-image.jpg","first_name":"Janet","email":"janet.weaver@reqres.in"},"support":{"text":"To keep ReqRes free, contributions towards server costs are appreciated!","url":"https:\/\/reqres.in\/#support-heading"}}
21:04:34.698 [pool-1-thread-2] INFO  com.intuit.karate - [print] The random value is 343597224 
21:04:34.974 [pool-2-thread-1] INFO  com.intuit.karate.Suite - <<pass>> feature 2 of 2 (0 remaining) classpath:examples/users/users.feature
16:14:51.434 [main] DEBUG com.intuit.karate.Suite - [config] classpath:karate-config.js
16:14:51.464 [main] INFO  com.intuit.karate.Suite - backed up existing 'target\karate-reports' dir to: target\karate-reports_1623753891460
16:14:51.484 [main] DEBUG com.intuit.karate.Suite - waiting for 2 features to complete
16:14:54.831 [pool-1-thread-1] INFO  com.intuit.karate - karate.env system property was: null 
16:14:54.831 [pool-1-thread-2] INFO  com.intuit.karate - karate.env system property was: null 
16:14:55.122 [pool-1-thread-1] INFO  com.intuit.karate - [print] jennie 13443567234 
16:14:56.707 [pool-2-thread-1] INFO  com.intuit.karate.Suite - <<pass>> feature 1 of 2 (1 remaining) classpath:examples/users/user1.feature
16:14:57.179 [pool-1-thread-2] DEBUG com.intuit.karate - request:
1 > GET https://reqres.in/api/users/2
1 > Host: reqres.in
1 > Connection: Keep-Alive
1 > User-Agent: Apache-HttpClient/4.5.13 (Java/1.8.0_261)
1 > Accept-Encoding: gzip,deflate


16:14:57.937 [pool-1-thread-2] DEBUG com.intuit.karate - response time in milliseconds: 751
1 < 200
1 < Date: Tue, 15 Jun 2021 10:44:57 GMT
1 < Content-Type: application/json; charset=utf-8
1 < Transfer-Encoding: chunked
1 < Connection: keep-alive
1 < X-Powered-By: Express
1 < Access-Control-Allow-Origin: *
1 < Etag: W/"118-pbdwwFo9SKNhD3Lx5iHJyngpq00"
1 < Via: 1.1 vegur
1 < Cache-Control: max-age=14400
1 < CF-Cache-Status: HIT
1 < Age: 5163
1 < cf-request-id: 0ab0df4f650000de397f187000000001
1 < Expect-CT: max-age=604800, report-uri="https://report-uri.cloudflare.com/cdn-cgi/beacon/expect-ct"
1 < Report-To: {"endpoints":[{"url":"https:\/\/a.nel.cloudflare.com\/report\/v2?s=LWPyR7gwdaQbz9xcnKFj4mSCs3tlIXRsq6pryl82c2zIs4SeK0LoEEh7j4trcrhmgdi72Ms3ZPfC2jt5lR%2FKMxu8Yss9WqXA%2BxbT5Uh4nE1cpJMXfD78"}],"group":"cf-nel","max_age":604800}
1 < NEL: {"report_to":"cf-nel","max_age":604800}
1 < Vary: Accept-Encoding
1 < Server: cloudflare
1 < CF-RAY: 65fb34c56f4ade39-BOM
1 < alt-svc: h3-27=":443"; ma=86400, h3-28=":443"; ma=86400, h3-29=":443"; ma=86400, h3=":443"; ma=86400
{"data":{"last_name":"Weaver","id":2,"avatar":"https:\/\/reqres.in\/img\/faces\/2-image.jpg","first_name":"Janet","email":"janet.weaver@reqres.in"},"support":{"text":"To keep ReqRes free, contributions towards server costs are appreciated!","url":"https:\/\/reqres.in\/#support-heading"}}
16:14:57.986 [pool-1-thread-2] INFO  com.intuit.karate - [print] The random value is 977958666 
16:14:58.220 [pool-2-thread-1] INFO  com.intuit.karate.Suite - <<pass>> feature 2 of 2 (0 remaining) classpath:examples/users/users.feature
